

times in msec
 clock   self+sourced   self:  sourced script
 clock   elapsed:              other lines

000.025  000.025: --- NVIM STARTING ---
000.228  000.203: event init
000.429  000.201: early init
000.525  000.096: locale set
000.588  000.063: init first window
001.178  000.590: inits 1
001.201  000.023: window checked
001.206  000.005: parsing arguments
001.591  000.054  000.054: require('vim.shared')
001.669  000.028  000.028: require('vim._meta')
001.671  000.078  000.049: require('vim._editor')
001.672  000.161  000.028: require('vim._init_packages')
001.674  000.308: init lua interpreter
001.735  000.061: expanding arguments
001.776  000.041: inits 2
001.974  000.198: init highlight
001.975  000.001: waiting for UI
004.034  002.059: done waiting for UI
004.062  000.028: clear screen
004.440  000.378: init default mappings
004.502  000.063: init default autocommands
005.751  000.298  000.298: sourcing /usr/local/share/nvim/runtime/ftplugin.vim
005.907  000.059  000.059: sourcing /usr/local/share/nvim/runtime/indent.vim
006.545  000.214  000.214: require('options')
006.614  000.065  000.065: require('autocmd')
008.370  000.229  000.229: require('packer.util')
008.423  001.509  001.280: require('packer')
008.703  000.278  000.278: require('packer.log')
009.199  000.129  000.129: require('packer.async')
009.449  000.064  000.064: require('packer.result')
009.454  000.253  000.189: require('packer.jobs')
009.460  000.714  000.333: require('packer.plugin_utils')
009.652  000.178  000.178: require('packer.snapshot')
009.950  003.333  000.653: require('plugins')
010.061  000.011  000.011: require('vim.keymap')
011.496  000.009  000.009: require('vim.F')
011.545  001.178  001.169: require('vim.diagnostic')
014.266  000.172  000.172: require('vim.lsp.log')
015.014  000.740  000.740: require('vim.lsp.protocol')
016.511  000.295  000.295: require('vim.lsp._snippet')
016.613  000.096  000.096: require('vim.highlight')
016.625  001.606  001.215: require('vim.lsp.util')
016.639  003.021  000.503: require('vim.lsp.handlers')
016.969  000.329  000.329: require('vim.lsp.rpc')
017.126  000.154  000.154: require('vim.lsp.sync')
017.555  000.427  000.427: require('vim.lsp.buf')
017.721  000.163  000.163: require('vim.lsp.diagnostic')
017.936  000.213  000.213: require('vim.lsp.codelens')
018.151  006.473  002.167: require('vim.lsp')
018.464  008.511  000.849: require('mapings')
018.469  012.194  000.071: sourcing /home/iz/.config/nvim/init.lua
018.482  001.429: sourcing vimrc file(s)
018.762  000.216  000.216: sourcing /usr/local/share/nvim/runtime/filetype.lua
019.084  000.106  000.106: sourcing /usr/local/share/nvim/runtime/syntax/synload.vim
019.203  000.316  000.210: sourcing /usr/local/share/nvim/runtime/syntax/syntax.vim
019.704  000.018  000.018: sourcing /usr/local/share/nvim/runtime/plugin/gzip.vim
019.722  000.007  000.007: sourcing /usr/local/share/nvim/runtime/plugin/health.vim
019.737  000.008  000.008: sourcing /usr/local/share/nvim/runtime/plugin/matchit.vim
019.756  000.008  000.008: sourcing /usr/local/share/nvim/runtime/plugin/matchparen.vim
019.789  000.025  000.025: sourcing /usr/local/share/nvim/runtime/plugin/netrwPlugin.vim
019.952  000.006  000.006: sourcing /home/iz/.local/share/nvim/rplugin.vim
019.957  000.159  000.152: sourcing /usr/local/share/nvim/runtime/plugin/rplugin.vim
020.005  000.041  000.041: sourcing /usr/local/share/nvim/runtime/plugin/shada.vim
020.032  000.014  000.014: sourcing /usr/local/share/nvim/runtime/plugin/spellfile.vim
020.050  000.008  000.008: sourcing /usr/local/share/nvim/runtime/plugin/tarPlugin.vim
020.142  000.082  000.082: sourcing /usr/local/share/nvim/runtime/plugin/tohtml.vim
020.176  000.014  000.014: sourcing /usr/local/share/nvim/runtime/plugin/tutor.vim
020.203  000.014  000.014: sourcing /usr/local/share/nvim/runtime/plugin/zipPlugin.vim
021.244  000.975  000.975: sourcing /home/iz/.config/nvim/plugin/packer_compiled.lua
021.550  000.104  000.104: sourcing /usr/local/share/nvim/runtime/plugin/man.lua
021.563  001.072: loading rtp plugins
021.760  000.034  000.034: sourcing /home/iz/.local/share/nvim/site/pack/packer/start/plenary.nvim/plugin/plenary.vim
021.921  000.324: loading packages
022.248  000.327: loading after plugins
022.270  000.022: inits 3
028.390  006.120: reading ShaDa
028.946  000.556: opening buffers
028.953  000.007: BufEnter autocommands
028.961  000.008: editing files in windows
028.976  000.014: VimEnter autocommands
028.984  000.008: UIEnter autocommands
028.987  000.003: before starting main loop
029.787  000.800: first screen update
029.794  000.007: --- NVIM STARTED ---
